Vole mode: 
mSparseSize/n = 1.22198
e =1.22198
>0 count: 58578
>0 rate: 0.58578
>1 count: 57572
>1 rate: 0.57572
>2 count: 56595
>2 rate: 0.56595
>3 count: 55611
>3 rate: 0.55611
>4 count: 54611
>4 rate: 0.54611
>5 count: 53548
>5 rate: 0.53548
Vole mode: 
mSparseSize/n = 1.22299
e =1.22299
>0 count: 43087
>0 rate: 0.43087
>1 count: 42063
>1 rate: 0.42063
>2 count: 41074
>2 rate: 0.41074
>3 count: 40017
>3 rate: 0.40017
>4 count: 39013
>4 rate: 0.39013
>5 count: 38052
>5 rate: 0.38052
Vole mode: 
mSparseSize/n = 1.22499
e =1.22499
>0 count: 17216
>0 rate: 0.17216
>1 count: 16581
>1 rate: 0.16581
>2 count: 15976
>2 rate: 0.15976
>3 count: 15328
>3 rate: 0.15328
>4 count: 14700
>4 rate: 0.147
>5 count: 14093
>5 rate: 0.14093
Vole mode: 
mSparseSize/n = 1.22699
e =1.22699
Vole mode: 
mSparseSize/n = 1.22099
e =1.22099
>0 count: 72608
>0 rate: 0.72608
>1 count: 71710
>1 rate: 0.7171
>2 count: 70838
>2 rate: 0.70838
>3 count: 69950
>3 rate: 0.6995
>4 count: 69093
>4 rate: 0.69093
>5 count: 68205
>5 rate: 0.68205
Vole mode: 
mSparseSize/n = 1.22198
e =1.22198
>0 count: 58578
>0 rate: 0.58578
>1 count: 57572
>1 rate: 0.57572
>2 count: 56595
>2 rate: 0.56595
>3 count: 55611
>3 rate: 0.55611
>4 count: 54611
>4 rate: 0.54611
>5 count: 53548
>5 rate: 0.53548
Vole mode: 
mSparseSize/n = 1.22299
e =1.22299
>0 count: 43087
>0 rate: 0.43087
>1 count: 42063
>1 rate: 0.42063
>2 count: 41074
>2 rate: 0.41074
>3 count: 40017
>3 rate: 0.40017
>4 count: 39013
>4 rate: 0.39013
>5 count: 38052
>5 rate: 0.38052
Vole mode: 
mSparseSize/n = 1.22499
e =1.22499
>0 count: 17216
>0 rate: 0.17216
>1 count: 16581
>1 rate: 0.16581
>2 count: 15976
>2 rate: 0.15976
>3 count: 15328
>3 rate: 0.15328
>4 count: 14700
>4 rate: 0.147
>5 count: 14093
>5 rate: 0.14093
Vole mode: 
mSparseSize/n = 1.22699
e =1.22699
>0 count: 4340
>0 rate: 0.0434
>1 count: 4107
>1 rate: 0.04107
>2 count: 3872
>2 rate: 0.03872
>3 count: 3660
>3 rate: 0.0366
>4 count: 3472
>4 rate: 0.03472
>5 count: 3250
>5 rate: 0.0325
